<?xml version="1.0" encoding="utf-8"?><testsuites><testsuite name="pytest" errors="0" failures="0" skipped="0" tests="3" time="1.062" timestamp="2024-02-10T00:11:55.682709" hostname="Ubuntu"><testcase classname="examples_rclpy_executors.executors.test.test_copyright" name="test_copyright" time="0.452" /><testcase classname="examples_rclpy_executors.executors.test.test_flake8" name="test_flake8" time="0.220" /><testcase classname="examples_rclpy_executors.executors.test.test_pep257" name="test_pep257" time="0.071" /></testsuite></testsuites>