[01m[K/home/vboxuser/ros2_ws/src/my_cpp_pkg/src/my_first_node.cpp:[m[K In function â€˜[01m[Kint main(int, char**)[m[Kâ€™:
[01m[K/home/vboxuser/ros2_ws/src/my_cpp_pkg/src/my_first_node.cpp:7:22:[m[K [01;31m[Kerror: [m[Kâ€˜[01m[Kmake_share[m[Kâ€™ is not a member of â€˜[01m[Kstd[m[Kâ€™; did you mean â€˜[01m[Kmake_shared[m[Kâ€™?
    7 |     auto node = std::[01;31m[Kmake_share[m[K<rclcpp::Node>("cpp_test");
      |                      [01;31m[K^~~~~~~~~~[m[K
      |                      [32m[Kmake_shared[m[K
[01m[K/home/vboxuser/ros2_ws/src/my_cpp_pkg/src/my_first_node.cpp:7:45:[m[K [01;31m[Kerror: [m[Kexpected primary-expression before â€˜[01m[K>[m[Kâ€™ token
    7 |     auto node = std::make_share<rclcpp::Node[01;31m[K>[m[K("cpp_test");
      |                                             [01;31m[K^[m[K
In file included from [01m[K/opt/ros/humble/include/rclcpp/rclcpp/client.hpp:40[m[K,
                 from [01m[K/opt/ros/humble/include/rclcpp/rclcpp/callback_group.hpp:24[m[K,
                 from [01m[K/opt/ros/humble/include/rclcpp/rclcpp/any_executable.hpp:20[m[K,
                 from [01m[K/opt/ros/humble/include/rclcpp/rclcpp/memory_strategy.hpp:25[m[K,
                 from [01m[K/opt/ros/humble/include/rclcpp/rclcpp/memory_strategies.hpp:18[m[K,
                 from [01m[K/opt/ros/humble/include/rclcpp/rclcpp/executor_options.hpp:20[m[K,
                 from [01m[K/opt/ros/humble/include/rclcpp/rclcpp/executor.hpp:37[m[K,
                 from [01m[K/opt/ros/humble/include/rclcpp/rclcpp/executors/multi_threaded_executor.hpp:25[m[K,
                 from [01m[K/opt/ros/humble/include/rclcpp/rclcpp/executors.hpp:21[m[K,
                 from [01m[K/opt/ros/humble/include/rclcpp/rclcpp/rclcpp.hpp:155[m[K,
                 from [01m[K/home/vboxuser/ros2_ws/src/my_cpp_pkg/src/my_first_node.cpp:1[m[K:
[01m[K/home/vboxuser/ros2_ws/src/my_cpp_pkg/src/my_first_node.cpp:9:5:[m[K [01;31m[Kerror: [m[Ktemplate argument 1 is invalid
    9 |     [01;31m[KRCLCPP_INFO[m[K(node->get_logger(), "Hello Cpp Node");
      |     [01;31m[K^~~~~~~~~~~[m[K
[01m[K/home/vboxuser/ros2_ws/src/my_cpp_pkg/src/my_first_node.cpp:9:5:[m[K [01;31m[Kerror: [m[Kâ€˜[01m[K<declaration error>[m[Kâ€™ is not a template [[01;31m[K]8;;https://gcc.gnu.org/onlinedocs/gcc/Warning-Options.html#index-fpermissive-fpermissive]8;;[m[K]
    9 |     [01;31m[KRCLCPP_INFO[m[K(node->get_logger(), "Hello Cpp Node");
      |     [01;31m[K^~~~~~~~~~~[m[K
[01m[K/home/vboxuser/ros2_ws/src/my_cpp_pkg/src/my_first_node.cpp:9:5:[m[K [01;31m[Kerror: [m[Ktemplate argument 1 is invalid
    9 |     [01;31m[KRCLCPP_INFO[m[K(node->get_logger(), "Hello Cpp Node");
      |     [01;31m[K^~~~~~~~~~~[m[K
[01m[K/home/vboxuser/ros2_ws/src/my_cpp_pkg/src/my_first_node.cpp:9:5:[m[K [01;31m[Kerror: [m[Kâ€˜[01m[K<declaration error>[m[Kâ€™ is not a template [[01;31m[K]8;;https://gcc.gnu.org/onlinedocs/gcc/Warning-Options.html#index-fpermissive-fpermissive]8;;[m[K]
    9 |     [01;31m[KRCLCPP_INFO[m[K(node->get_logger(), "Hello Cpp Node");
      |     [01;31m[K^~~~~~~~~~~[m[K
[01m[K/home/vboxuser/ros2_ws/src/my_cpp_pkg/src/my_first_node.cpp:9:5:[m[K [01;31m[Kerror: [m[Ktemplate argument 1 is invalid
    9 |     [01;31m[KRCLCPP_INFO[m[K(node->get_logger(), "Hello Cpp Node");
      |     [01;31m[K^~~~~~~~~~~[m[K
gmake[2]: *** [CMakeFiles/cpp_node.dir/build.make:76: CMakeFiles/cpp_node.dir/src/my_first_node.cpp.o] Error 1
gmake[1]: *** [CMakeFiles/Makefile2:137: CMakeFiles/cpp_node.dir/all] Error 2
gmake: *** [Makefile:146: all] Error 2
