[35m[1mConsolidate compiler generated dependencies of target cpp_node[0m
[ 50%] [32mBuilding CXX object CMakeFiles/cpp_node.dir/src/my_first_node.cpp.o[0m
[01m[K/home/vboxuser/ros2_ws/src/my_cpp_pkg/src/my_first_node.cpp:[m[K In constructor â€˜[01m[KMyNode::MyNode()[m[Kâ€™:
[01m[K/home/vboxuser/ros2_ws/src/my_cpp_pkg/src/my_first_node.cpp:11:51:[m[K [01;31m[Kerror: [m[Kno matching function for call to â€˜[01m[Kstd::chrono::duration<long int>::duration(int, std::_Bind_helper<false, void (MyNode::*)(), MyNode*>::type)[m[Kâ€™
   11 |             std::bind(&MyNode::timerCallback,this)[01;31m[K)[m[K;
      |                                                   [01;31m[K^[m[K
In file included from [01m[K/usr/include/c++/11/mutex:39[m[K,
                 from [01m[K/usr/include/c++/11/future:38[m[K,
                 from [01m[K/opt/ros/humble/include/rclcpp/rclcpp/executors.hpp:18[m[K,
                 from [01m[K/opt/ros/humble/include/rclcpp/rclcpp/rclcpp.hpp:155[m[K,
                 from [01m[K/home/vboxuser/ros2_ws/src/my_cpp_pkg/src/my_first_node.cpp:1[m[K:
[01m[K/usr/include/c++/11/chrono:529:21:[m[K [01;36m[Knote: [m[Kcandidate: â€˜[01m[Ktemplate<class _Rep2, class _Period2, class> constexpr std::chrono::duration<_Rep, _Period>::duration(const std::chrono::duration<_Rep, _Period>&) [with _Rep2 = _Rep2; _Period2 = _Period2; <template-parameter-2-3> = <template-parameter-1-3>; _Rep = long int; _Period = std::ratio<1>][m[Kâ€™
  529 |           constexpr [01;36m[Kduration[m[K(const duration<_Rep2, _Period2>& __d)
      |                     [01;36m[K^~~~~~~~[m[K
[01m[K/usr/include/c++/11/chrono:529:21:[m[K [01;36m[Knote: [m[K  template argument deduction/substitution failed:
[01m[K/home/vboxuser/ros2_ws/src/my_cpp_pkg/src/my_first_node.cpp:11:51:[m[K [01;36m[Knote: [m[K  mismatched types â€˜[01m[Kconst std::chrono::duration<_Rep1, _Period1>[m[Kâ€™ and â€˜[01m[Kint[m[Kâ€™
   11 |             std::bind(&MyNode::timerCallback,this)[01;36m[K)[m[K;
      |                                                   [01;36m[K^[m[K
In file included from [01m[K/usr/include/c++/11/mutex:39[m[K,
                 from [01m[K/usr/include/c++/11/future:38[m[K,
                 from [01m[K/opt/ros/humble/include/rclcpp/rclcpp/executors.hpp:18[m[K,
                 from [01m[K/opt/ros/humble/include/rclcpp/rclcpp/rclcpp.hpp:155[m[K,
                 from [01m[K/home/vboxuser/ros2_ws/src/my_cpp_pkg/src/my_first_node.cpp:1[m[K:
[01m[K/usr/include/c++/11/chrono:521:30:[m[K [01;36m[Knote: [m[Kcandidate: â€˜[01m[Ktemplate<class _Rep2, class> constexpr std::chrono::duration<_Rep, _Period>::duration(const _Rep2&) [with _Rep2 = _Rep2; <template-parameter-2-2> = <template-parameter-1-2>; _Rep = long int; _Period = std::ratio<1>][m[Kâ€™
  521 |           constexpr explicit [01;36m[Kduration[m[K(const _Rep2& __rep)
      |                              [01;36m[K^~~~~~~~[m[K
[01m[K/usr/include/c++/11/chrono:521:30:[m[K [01;36m[Knote: [m[K  template argument deduction/substitution failed:
[01m[K/home/vboxuser/ros2_ws/src/my_cpp_pkg/src/my_first_node.cpp:11:51:[m[K [01;36m[Knote: [m[K  candidate expects 1 argument, 2 provided
   11 |             std::bind(&MyNode::timerCallback,this)[01;36m[K)[m[K;
      |                                                   [01;36m[K^[m[K
In file included from [01m[K/usr/include/c++/11/mutex:39[m[K,
                 from [01m[K/usr/include/c++/11/future:38[m[K,
                 from [01m[K/opt/ros/humble/include/rclcpp/rclcpp/executors.hpp:18[m[K,
                 from [01m[K/opt/ros/humble/include/rclcpp/rclcpp/rclcpp.hpp:155[m[K,
                 from [01m[K/home/vboxuser/ros2_ws/src/my_cpp_pkg/src/my_first_node.cpp:1[m[K:
[01m[K/usr/include/c++/11/chrono:514:9:[m[K [01;36m[Knote: [m[Kcandidate: â€˜[01m[Kconstexpr std::chrono::duration<_Rep, _Period>::duration(const std::chrono::duration<_Rep, _Period>&) [with _Rep = long int; _Period = std::ratio<1>][m[Kâ€™
  514 |         [01;36m[Kduration[m[K(const duration&) = default;
      |         [01;36m[K^~~~~~~~[m[K
[01m[K/usr/include/c++/11/chrono:514:9:[m[K [01;36m[Knote: [m[K  candidate expects 1 argument, 2 provided
[01m[K/usr/include/c++/11/chrono:512:19:[m[K [01;36m[Knote: [m[Kcandidate: â€˜[01m[Kstd::chrono::duration<_Rep, _Period>::duration() [with _Rep = long int; _Period = std::ratio<1>][m[Kâ€™
  512 |         constexpr [01;36m[Kduration[m[K() = default;
      |                   [01;36m[K^~~~~~~~[m[K
[01m[K/usr/include/c++/11/chrono:512:19:[m[K [01;36m[Knote: [m[K  candidate expects 0 arguments, 2 provided
gmake[2]: *** [CMakeFiles/cpp_node.dir/build.make:76: CMakeFiles/cpp_node.dir/src/my_first_node.cpp.o] Error 1
gmake[1]: *** [CMakeFiles/Makefile2:137: CMakeFiles/cpp_node.dir/all] Error 2
gmake: *** [Makefile:146: all] Error 2
