[1.915s] Invoking command in '/home/vboxuser/hw3_ws/build/turtlesim': CMAKE_PREFIX_PATH=/opt/ros/humble /usr/bin/cmake --build /home/vboxuser/hw3_ws/build/turtlesim -- -j6 -l6
[3.156s] failed to create symbolic link '/home/vboxuser/hw3_ws/build/turtlesim/ament_cmake_python/turtlesim/turtlesim' because existing path cannot be removed: Is a directory
[3.157s] gmake[2]: *** [CMakeFiles/ament_cmake_python_symlink_turtlesim.dir/build.make:70: CMakeFiles/ament_cmake_python_symlink_turtlesim] Error 1
[3.157s] gmake[1]: *** [CMakeFiles/Makefile2:429: CMakeFiles/ament_cmake_python_symlink_turtlesim.dir/all] Error 2
[3.157s] gmake[1]: *** Waiting for unfinished jobs....
[3.209s] [  1%] Built target turtlesim__cpp
[3.391s] [ 11%] Built target turtlesim__rosidl_generator_c
[3.392s] gmake: *** [Makefile:146: all] Error 2
[3.398s] Invoked command in '/home/vboxuser/hw3_ws/build/turtlesim' returned '2': CMAKE_PREFIX_PATH=/opt/ros/humble /usr/bin/cmake --build /home/vboxuser/hw3_ws/build/turtlesim -- -j6 -l6
