[0.862s] Invoking command in '/home/vboxuser/ros2_ws/build/my_robot_interfaces': CMAKE_PREFIX_PATH=${CMAKE_PREFIX_PATH}:/home/vboxuser/ros2_ws/src/install/py_pubsub3:/home/vboxuser/ros2_ws/src/install/py_pubsub2:/home/vboxuser/ros2_ws/src/install/py_pubsub:/home/vboxuser/ros2_ws/src/install/launch_testing_examples:/home/vboxuser/ros2_ws/src/install/examples_rclpy_pointcloud_publisher:/home/vboxuser/ros2_ws/src/install/examples_rclpy_minimal_subscriber:/home/vboxuser/ros2_ws/src/install/examples_rclpy_minimal_service:/home/vboxuser/ros2_ws/src/install/examples_rclpy_minimal_publisher:/home/vboxuser/ros2_ws/src/install/examples_rclpy_minimal_client:/home/vboxuser/ros2_ws/src/install/examples_rclpy_minimal_action_server:/home/vboxuser/ros2_ws/src/install/examples_rclpy_minimal_action_client:/home/vboxuser/ros2_ws/src/install/examples_rclpy_guard_conditions:/home/vboxuser/ros2_ws/src/install/examples_rclpy_executors:/home/vboxuser/ros2_ws/install/py_pubsub3:/home/vboxuser/ros2_ws/install/py_pubsub2:/home/vboxuser/ros2_ws/install/py_pubsub:/home/vboxuser/ros2_ws/install/my_py_pkg:/home/vboxuser/ros2_ws/install/launch_testing_examples:/home/vboxuser/ros2_ws/install/examples_rclpy_pointcloud_publisher:/home/vboxuser/ros2_ws/install/examples_rclpy_minimal_subscriber:/home/vboxuser/ros2_ws/install/examples_rclpy_minimal_service:/home/vboxuser/ros2_ws/install/examples_rclpy_minimal_publisher:/home/vboxuser/ros2_ws/install/examples_rclpy_minimal_client:/home/vboxuser/ros2_ws/install/examples_rclpy_minimal_action_server:/home/vboxuser/ros2_ws/install/examples_rclpy_minimal_action_client:/home/vboxuser/ros2_ws/install/examples_rclpy_guard_conditions:/home/vboxuser/ros2_ws/install/examples_rclpy_executors:/home/vboxuser/HW3_ws/install/py_pubsub:/home/vboxuser/HW3_ws/install/Q1:/opt/ros/humble /usr/bin/cmake --build /home/vboxuser/ros2_ws/build/my_robot_interfaces -- -j6 -l6
[0.889s] -- Found ament_cmake: 1.3.6 (/opt/ros/humble/share/ament_cmake/cmake)
[1.197s] -- Found rosidl_default_generators: 1.2.0 (/opt/ros/humble/share/rosidl_default_generators/cmake)
[1.219s] -- Using all available rosidl_typesupport_c: rosidl_typesupport_fastrtps_c;rosidl_typesupport_introspection_c
[1.223s] -- Found rosidl_adapter: 3.1.5 (/opt/ros/humble/share/rosidl_adapter/cmake)
[1.281s] -- Using all available rosidl_typesupport_cpp: rosidl_typesupport_fastrtps_cpp;rosidl_typesupport_introspection_cpp
[1.646s] [31mCMake Error at /opt/ros/humble/share/rosidl_adapter/cmake/rosidl_adapt_interfaces.cmake:59 (message):
[1.646s]   execute_process(/usr/bin/python3.10 -m rosidl_adapter --package-name
[1.646s]   my_robot_interfaces --arguments-file
[1.646s]   /home/vboxuser/ros2_ws/build/my_robot_interfaces/rosidl_adapter__arguments__my_robot_interfaces.json
[1.646s]   --output-dir
[1.647s]   /home/vboxuser/ros2_ws/build/my_robot_interfaces/rosidl_adapter/my_robot_interfaces
[1.647s]   --output-file
[1.647s]   /home/vboxuser/ros2_ws/build/my_robot_interfaces/rosidl_adapter/my_robot_interfaces.idls)
[1.647s]   returned error code 1:
[1.647s] 
[1.647s]   Error processing 'int a' of 'my_robot_interfaces/Calculator': ''int' is an
[1.647s]   invalid message name.  It should have the pattern '^[A-Z][A-Za-z0-9]*$''
[1.647s] 
[1.647s]   Traceback (most recent call last):
[1.647s] 
[1.647s]     File "/usr/lib/python3.10/runpy.py", line 196, in _run_module_as_main
[1.647s]       return _run_code(code, main_globals, None,
[1.647s]     File "/usr/lib/python3.10/runpy.py", line 86, in _run_code
[1.647s]       exec(code, run_globals)
[1.648s]     File "/opt/ros/humble/local/lib/python3.10/dist-packages/rosidl_adapter/__main__.py", line 19, in <module>
[1.648s]       sys.exit(main())
[1.648s]     File "/opt/ros/humble/local/lib/python3.10/dist-packages/rosidl_adapter/main.py", line 53, in main
[1.648s]       abs_idl_file = convert_to_idl(
[1.648s]     File "/opt/ros/humble/local/lib/python3.10/dist-packages/rosidl_adapter/__init__.py", line 19, in convert_to_idl
[1.648s]       return convert_msg_to_idl(
[1.648s]     File "/opt/ros/humble/local/lib/python3.10/dist-packages/rosidl_adapter/msg/__init__.py", line 28, in convert_msg_to_idl
[1.648s]       msg = parse_message_string(package_name, input_file.stem, content)
[1.649s]     File "/opt/ros/humble/local/lib/python3.10/dist-packages/rosidl_adapter/parser.py", line 520, in parse_message_string
[1.649s]       Type(type_string, context_package_name=pkg_name),
[1.649s]     File "/opt/ros/humble/local/lib/python3.10/dist-packages/rosidl_adapter/parser.py", line 277, in __init__
[1.649s]       super(Type, self).__init__(
[1.649s]     File "/opt/ros/humble/local/lib/python3.10/dist-packages/rosidl_adapter/parser.py", line 205, in __init__
[1.649s]       raise InvalidResourceName(
[1.649s] 
[1.650s]   rosidl_adapter.parser.InvalidResourceName: 'int' is an invalid message
[1.650s]   name.  It should have the pattern '^[A-Z][A-Za-z0-9]*$'
[1.650s] 
[1.650s] Call Stack (most recent call first):
[1.650s]   /opt/ros/humble/share/rosidl_cmake/cmake/rosidl_generate_interfaces.cmake:130 (rosidl_adapt_interfaces)
[1.650s]   CMakeLists.txt:14 (rosidl_generate_interfaces)
[1.650s] 
[1.657s] [0m
[1.657s] -- Configuring incomplete, errors occurred!
[1.658s] See also "/home/vboxuser/ros2_ws/build/my_robot_interfaces/CMakeFiles/CMakeOutput.log".
[1.658s] gmake: *** [Makefile:747: cmake_check_build_system] Error 1
[2.239s] Invoked command in '/home/vboxuser/ros2_ws/build/my_robot_interfaces' returned '2': CMAKE_PREFIX_PATH=${CMAKE_PREFIX_PATH}:/home/vboxuser/ros2_ws/src/install/py_pubsub3:/home/vboxuser/ros2_ws/src/install/py_pubsub2:/home/vboxuser/ros2_ws/src/install/py_pubsub:/home/vboxuser/ros2_ws/src/install/launch_testing_examples:/home/vboxuser/ros2_ws/src/install/examples_rclpy_pointcloud_publisher:/home/vboxuser/ros2_ws/src/install/examples_rclpy_minimal_subscriber:/home/vboxuser/ros2_ws/src/install/examples_rclpy_minimal_service:/home/vboxuser/ros2_ws/src/install/examples_rclpy_minimal_publisher:/home/vboxuser/ros2_ws/src/install/examples_rclpy_minimal_client:/home/vboxuser/ros2_ws/src/install/examples_rclpy_minimal_action_server:/home/vboxuser/ros2_ws/src/install/examples_rclpy_minimal_action_client:/home/vboxuser/ros2_ws/src/install/examples_rclpy_guard_conditions:/home/vboxuser/ros2_ws/src/install/examples_rclpy_executors:/home/vboxuser/ros2_ws/install/py_pubsub3:/home/vboxuser/ros2_ws/install/py_pubsub2:/home/vboxuser/ros2_ws/install/py_pubsub:/home/vboxuser/ros2_ws/install/my_py_pkg:/home/vboxuser/ros2_ws/install/launch_testing_examples:/home/vboxuser/ros2_ws/install/examples_rclpy_pointcloud_publisher:/home/vboxuser/ros2_ws/install/examples_rclpy_minimal_subscriber:/home/vboxuser/ros2_ws/install/examples_rclpy_minimal_service:/home/vboxuser/ros2_ws/install/examples_rclpy_minimal_publisher:/home/vboxuser/ros2_ws/install/examples_rclpy_minimal_client:/home/vboxuser/ros2_ws/install/examples_rclpy_minimal_action_server:/home/vboxuser/ros2_ws/install/examples_rclpy_minimal_action_client:/home/vboxuser/ros2_ws/install/examples_rclpy_guard_conditions:/home/vboxuser/ros2_ws/install/examples_rclpy_executors:/home/vboxuser/HW3_ws/install/py_pubsub:/home/vboxuser/HW3_ws/install/Q1:/opt/ros/humble /usr/bin/cmake --build /home/vboxuser/ros2_ws/build/my_robot_interfaces -- -j6 -l6
