<?xml version="1.0" encoding="UTF-8"?>
<Site BuildName="(empty)"
	BuildStamp="20240210-0451-Experimental"
	Name="Ubuntu"
	Generator="ctest-3.22.1"
	CompilerName="/usr/bin/c++"
	CompilerVersion="11.4.0"
	OSName="Linux"
	Hostname="Ubuntu"
	OSRelease="6.5.0-17-generic"
	OSVersion="#17~22.04.1-Ubuntu SMP PREEMPT_DYNAMIC Tue Jan 16 14:32:32 UTC 2"
	OSPlatform="x86_64"
	Is64Bits="1"
	VendorString="GenuineIntel"
	VendorID="Intel Corporation"
	FamilyID="6"
	ModelID="158"
	ProcessorCacheSize="9216"
	NumberOfLogicalCPU="4"
	NumberOfPhysicalCPU="4"
	TotalVirtualMemory="2679"
	TotalPhysicalMemory="1958"
	LogicalProcessorsPerPhysical="1"
	ProcessorClockFrequency="3600"
	>
	<Testing>
		<StartDateTime>Feb 09 23:51 EST</StartDateTime>
		<StartTestTime>1707540711</StartTestTime>
		<TestList>
			<Test>./copyright</Test>
			<Test>./cppcheck</Test>
			<Test>./cpplint</Test>
			<Test>./lint_cmake</Test>
			<Test>./uncrustify</Test>
			<Test>./xmllint</Test>
		</TestList>
		<Test Status="passed">
			<Name>copyright</Name>
			<Path>.</Path>
			<FullName>./copyright</FullName>
			<FullCommandLine>/usr/bin/python3.10 "-u" "/opt/ros/humble/share/ament_cmake_test/cmake/run_test.py" "/home/vboxuser/ros2_ws/build/examples_rclcpp_minimal_action_client/test_results/examples_rclcpp_minimal_action_client/copyright.xunit.xml" "--package-name" "examples_rclcpp_minimal_action_client" "--output-file" "/home/vboxuser/ros2_ws/build/examples_rclcpp_minimal_action_client/ament_copyright/copyright.txt" "--command" "/opt/ros/humble/bin/ament_copyright" "--xunit-file" "/home/vboxuser/ros2_ws/build/examples_rclcpp_minimal_action_client/test_results/examples_rclcpp_minimal_action_client/copyright.xunit.xml"</FullCommandLine>
			<Results>
				<NamedMeasurement type="numeric/double" name="Execution Time">
					<Value>0.80067</Value>
				</NamedMeasurement>
				<NamedMeasurement type="numeric/double" name="Processors">
					<Value>1</Value>
				</NamedMeasurement>
				<NamedMeasurement type="text/string" name="Completion Status">
					<Value>Completed</Value>
				</NamedMeasurement>
				<NamedMeasurement type="text/string" name="Command Line">
					<Value>/usr/bin/python3.10 "-u" "/opt/ros/humble/share/ament_cmake_test/cmake/run_test.py" "/home/vboxuser/ros2_ws/build/examples_rclcpp_minimal_action_client/test_results/examples_rclcpp_minimal_action_client/copyright.xunit.xml" "--package-name" "examples_rclcpp_minimal_action_client" "--output-file" "/home/vboxuser/ros2_ws/build/examples_rclcpp_minimal_action_client/ament_copyright/copyright.txt" "--command" "/opt/ros/humble/bin/ament_copyright" "--xunit-file" "/home/vboxuser/ros2_ws/build/examples_rclcpp_minimal_action_client/test_results/examples_rclcpp_minimal_action_client/copyright.xunit.xml"</Value>
				</NamedMeasurement>
				<NamedMeasurement type="text/string" name="Environment">
					<Value>#CTEST_RESOURCE_GROUP_COUNT=</Value>
				</NamedMeasurement>
				<Measurement>
					<Value>-- run_test.py: invoking following command in '/home/vboxuser/ros2_ws/src/examples/rclcpp/actions/minimal_action_client':
 - /opt/ros/humble/bin/ament_copyright --xunit-file /home/vboxuser/ros2_ws/build/examples_rclcpp_minimal_action_client/test_results/examples_rclcpp_minimal_action_client/copyright.xunit.xml
No problems found, checked 4 files
-- run_test.py: return code 0
-- run_test.py: verify result file '/home/vboxuser/ros2_ws/build/examples_rclcpp_minimal_action_client/test_results/examples_rclcpp_minimal_action_client/copyright.xunit.xml'
</Value>
				</Measurement>
			</Results>
			<Labels>
				<Label>copyright</Label>
				<Label>linter</Label>
			</Labels>
		</Test>
		<Test Status="passed">
			<Name>cppcheck</Name>
			<Path>.</Path>
			<FullName>./cppcheck</FullName>
			<FullCommandLine>/usr/bin/python3.10 "-u" "/opt/ros/humble/share/ament_cmake_test/cmake/run_test.py" "/home/vboxuser/ros2_ws/build/examples_rclcpp_minimal_action_client/test_results/examples_rclcpp_minimal_action_client/cppcheck.xunit.xml" "--package-name" "examples_rclcpp_minimal_action_client" "--output-file" "/home/vboxuser/ros2_ws/build/examples_rclcpp_minimal_action_client/ament_cppcheck/cppcheck.txt" "--command" "/opt/ros/humble/bin/ament_cppcheck" "--xunit-file" "/home/vboxuser/ros2_ws/build/examples_rclcpp_minimal_action_client/test_results/examples_rclcpp_minimal_action_client/cppcheck.xunit.xml"</FullCommandLine>
			<Results>
				<NamedMeasurement type="numeric/double" name="Execution Time">
					<Value>1.86883</Value>
				</NamedMeasurement>
				<NamedMeasurement type="numeric/double" name="Processors">
					<Value>1</Value>
				</NamedMeasurement>
				<NamedMeasurement type="text/string" name="Completion Status">
					<Value>Completed</Value>
				</NamedMeasurement>
				<NamedMeasurement type="text/string" name="Command Line">
					<Value>/usr/bin/python3.10 "-u" "/opt/ros/humble/share/ament_cmake_test/cmake/run_test.py" "/home/vboxuser/ros2_ws/build/examples_rclcpp_minimal_action_client/test_results/examples_rclcpp_minimal_action_client/cppcheck.xunit.xml" "--package-name" "examples_rclcpp_minimal_action_client" "--output-file" "/home/vboxuser/ros2_ws/build/examples_rclcpp_minimal_action_client/ament_cppcheck/cppcheck.txt" "--command" "/opt/ros/humble/bin/ament_cppcheck" "--xunit-file" "/home/vboxuser/ros2_ws/build/examples_rclcpp_minimal_action_client/test_results/examples_rclcpp_minimal_action_client/cppcheck.xunit.xml"</Value>
				</NamedMeasurement>
				<NamedMeasurement type="text/string" name="Environment">
					<Value>#CTEST_RESOURCE_GROUP_COUNT=</Value>
				</NamedMeasurement>
				<Measurement>
					<Value>-- run_test.py: invoking following command in '/home/vboxuser/ros2_ws/src/examples/rclcpp/actions/minimal_action_client':
 - /opt/ros/humble/bin/ament_cppcheck --xunit-file /home/vboxuser/ros2_ws/build/examples_rclcpp_minimal_action_client/test_results/examples_rclcpp_minimal_action_client/cppcheck.xunit.xml
cppcheck 2.7 has known performance issues and therefore will not be used, set the AMENT_CPPCHECK_ALLOW_SLOW_VERSIONS environment variable to override this.
-- run_test.py: return code 0
-- run_test.py: verify result file '/home/vboxuser/ros2_ws/build/examples_rclcpp_minimal_action_client/test_results/examples_rclcpp_minimal_action_client/cppcheck.xunit.xml'
</Value>
				</Measurement>
			</Results>
			<Labels>
				<Label>cppcheck</Label>
				<Label>linter</Label>
			</Labels>
		</Test>
		<Test Status="passed">
			<Name>cpplint</Name>
			<Path>.</Path>
			<FullName>./cpplint</FullName>
			<FullCommandLine>/usr/bin/python3.10 "-u" "/opt/ros/humble/share/ament_cmake_test/cmake/run_test.py" "/home/vboxuser/ros2_ws/build/examples_rclcpp_minimal_action_client/test_results/examples_rclcpp_minimal_action_client/cpplint.xunit.xml" "--package-name" "examples_rclcpp_minimal_action_client" "--output-file" "/home/vboxuser/ros2_ws/build/examples_rclcpp_minimal_action_client/ament_cpplint/cpplint.txt" "--command" "/opt/ros/humble/bin/ament_cpplint" "--xunit-file" "/home/vboxuser/ros2_ws/build/examples_rclcpp_minimal_action_client/test_results/examples_rclcpp_minimal_action_client/cpplint.xunit.xml"</FullCommandLine>
			<Results>
				<NamedMeasurement type="numeric/double" name="Execution Time">
					<Value>0.479231</Value>
				</NamedMeasurement>
				<NamedMeasurement type="numeric/double" name="Processors">
					<Value>1</Value>
				</NamedMeasurement>
				<NamedMeasurement type="text/string" name="Completion Status">
					<Value>Completed</Value>
				</NamedMeasurement>
				<NamedMeasurement type="text/string" name="Command Line">
					<Value>/usr/bin/python3.10 "-u" "/opt/ros/humble/share/ament_cmake_test/cmake/run_test.py" "/home/vboxuser/ros2_ws/build/examples_rclcpp_minimal_action_client/test_results/examples_rclcpp_minimal_action_client/cpplint.xunit.xml" "--package-name" "examples_rclcpp_minimal_action_client" "--output-file" "/home/vboxuser/ros2_ws/build/examples_rclcpp_minimal_action_client/ament_cpplint/cpplint.txt" "--command" "/opt/ros/humble/bin/ament_cpplint" "--xunit-file" "/home/vboxuser/ros2_ws/build/examples_rclcpp_minimal_action_client/test_results/examples_rclcpp_minimal_action_client/cpplint.xunit.xml"</Value>
				</NamedMeasurement>
				<NamedMeasurement type="text/string" name="Environment">
					<Value>#CTEST_RESOURCE_GROUP_COUNT=</Value>
				</NamedMeasurement>
				<Measurement>
					<Value>-- run_test.py: invoking following command in '/home/vboxuser/ros2_ws/src/examples/rclcpp/actions/minimal_action_client':
 - /opt/ros/humble/bin/ament_cpplint --xunit-file /home/vboxuser/ros2_ws/build/examples_rclcpp_minimal_action_client/test_results/examples_rclcpp_minimal_action_client/cpplint.xunit.xml
Using '--root=..' argument

Done processing /home/vboxuser/ros2_ws/src/examples/rclcpp/actions/minimal_action_client/member_functions.cpp

Done processing /home/vboxuser/ros2_ws/src/examples/rclcpp/actions/minimal_action_client/not_composable.cpp

Done processing /home/vboxuser/ros2_ws/src/examples/rclcpp/actions/minimal_action_client/not_composable_with_cancel.cpp

Done processing /home/vboxuser/ros2_ws/src/examples/rclcpp/actions/minimal_action_client/not_composable_with_feedback.cpp

No problems found
-- run_test.py: return code 0
-- run_test.py: verify result file '/home/vboxuser/ros2_ws/build/examples_rclcpp_minimal_action_client/test_results/examples_rclcpp_minimal_action_client/cpplint.xunit.xml'
</Value>
				</Measurement>
			</Results>
			<Labels>
				<Label>cpplint</Label>
				<Label>linter</Label>
			</Labels>
		</Test>
		<Test Status="passed">
			<Name>lint_cmake</Name>
			<Path>.</Path>
			<FullName>./lint_cmake</FullName>
			<FullCommandLine>/usr/bin/python3.10 "-u" "/opt/ros/humble/share/ament_cmake_test/cmake/run_test.py" "/home/vboxuser/ros2_ws/build/examples_rclcpp_minimal_action_client/test_results/examples_rclcpp_minimal_action_client/lint_cmake.xunit.xml" "--package-name" "examples_rclcpp_minimal_action_client" "--output-file" "/home/vboxuser/ros2_ws/build/examples_rclcpp_minimal_action_client/ament_lint_cmake/lint_cmake.txt" "--command" "/opt/ros/humble/bin/ament_lint_cmake" "--xunit-file" "/home/vboxuser/ros2_ws/build/examples_rclcpp_minimal_action_client/test_results/examples_rclcpp_minimal_action_client/lint_cmake.xunit.xml"</FullCommandLine>
			<Results>
				<NamedMeasurement type="numeric/double" name="Execution Time">
					<Value>0.197541</Value>
				</NamedMeasurement>
				<NamedMeasurement type="numeric/double" name="Processors">
					<Value>1</Value>
				</NamedMeasurement>
				<NamedMeasurement type="text/string" name="Completion Status">
					<Value>Completed</Value>
				</NamedMeasurement>
				<NamedMeasurement type="text/string" name="Command Line">
					<Value>/usr/bin/python3.10 "-u" "/opt/ros/humble/share/ament_cmake_test/cmake/run_test.py" "/home/vboxuser/ros2_ws/build/examples_rclcpp_minimal_action_client/test_results/examples_rclcpp_minimal_action_client/lint_cmake.xunit.xml" "--package-name" "examples_rclcpp_minimal_action_client" "--output-file" "/home/vboxuser/ros2_ws/build/examples_rclcpp_minimal_action_client/ament_lint_cmake/lint_cmake.txt" "--command" "/opt/ros/humble/bin/ament_lint_cmake" "--xunit-file" "/home/vboxuser/ros2_ws/build/examples_rclcpp_minimal_action_client/test_results/examples_rclcpp_minimal_action_client/lint_cmake.xunit.xml"</Value>
				</NamedMeasurement>
				<NamedMeasurement type="text/string" name="Environment">
					<Value>#CTEST_RESOURCE_GROUP_COUNT=</Value>
				</NamedMeasurement>
				<Measurement>
					<Value>-- run_test.py: invoking following command in '/home/vboxuser/ros2_ws/src/examples/rclcpp/actions/minimal_action_client':
 - /opt/ros/humble/bin/ament_lint_cmake --xunit-file /home/vboxuser/ros2_ws/build/examples_rclcpp_minimal_action_client/test_results/examples_rclcpp_minimal_action_client/lint_cmake.xunit.xml

No problems found
-- run_test.py: return code 0
-- run_test.py: verify result file '/home/vboxuser/ros2_ws/build/examples_rclcpp_minimal_action_client/test_results/examples_rclcpp_minimal_action_client/lint_cmake.xunit.xml'
</Value>
				</Measurement>
			</Results>
			<Labels>
				<Label>lint_cmake</Label>
				<Label>linter</Label>
			</Labels>
		</Test>
		<Test Status="passed">
			<Name>uncrustify</Name>
			<Path>.</Path>
			<FullName>./uncrustify</FullName>
			<FullCommandLine>/usr/bin/python3.10 "-u" "/opt/ros/humble/share/ament_cmake_test/cmake/run_test.py" "/home/vboxuser/ros2_ws/build/examples_rclcpp_minimal_action_client/test_results/examples_rclcpp_minimal_action_client/uncrustify.xunit.xml" "--package-name" "examples_rclcpp_minimal_action_client" "--output-file" "/home/vboxuser/ros2_ws/build/examples_rclcpp_minimal_action_client/ament_uncrustify/uncrustify.txt" "--command" "/opt/ros/humble/bin/ament_uncrustify" "--xunit-file" "/home/vboxuser/ros2_ws/build/examples_rclcpp_minimal_action_client/test_results/examples_rclcpp_minimal_action_client/uncrustify.xunit.xml"</FullCommandLine>
			<Results>
				<NamedMeasurement type="numeric/double" name="Execution Time">
					<Value>0.348431</Value>
				</NamedMeasurement>
				<NamedMeasurement type="numeric/double" name="Processors">
					<Value>1</Value>
				</NamedMeasurement>
				<NamedMeasurement type="text/string" name="Completion Status">
					<Value>Completed</Value>
				</NamedMeasurement>
				<NamedMeasurement type="text/string" name="Command Line">
					<Value>/usr/bin/python3.10 "-u" "/opt/ros/humble/share/ament_cmake_test/cmake/run_test.py" "/home/vboxuser/ros2_ws/build/examples_rclcpp_minimal_action_client/test_results/examples_rclcpp_minimal_action_client/uncrustify.xunit.xml" "--package-name" "examples_rclcpp_minimal_action_client" "--output-file" "/home/vboxuser/ros2_ws/build/examples_rclcpp_minimal_action_client/ament_uncrustify/uncrustify.txt" "--command" "/opt/ros/humble/bin/ament_uncrustify" "--xunit-file" "/home/vboxuser/ros2_ws/build/examples_rclcpp_minimal_action_client/test_results/examples_rclcpp_minimal_action_client/uncrustify.xunit.xml"</Value>
				</NamedMeasurement>
				<NamedMeasurement type="text/string" name="Environment">
					<Value>#CTEST_RESOURCE_GROUP_COUNT=</Value>
				</NamedMeasurement>
				<Measurement>
					<Value>-- run_test.py: invoking following command in '/home/vboxuser/ros2_ws/src/examples/rclcpp/actions/minimal_action_client':
 - /opt/ros/humble/bin/ament_uncrustify --xunit-file /home/vboxuser/ros2_ws/build/examples_rclcpp_minimal_action_client/test_results/examples_rclcpp_minimal_action_client/uncrustify.xunit.xml
No code style divergence in file 'member_functions.cpp'

No code style divergence in file 'not_composable.cpp'

No code style divergence in file 'not_composable_with_cancel.cpp'

No code style divergence in file 'not_composable_with_feedback.cpp'

No problems found
-- run_test.py: return code 0
-- run_test.py: verify result file '/home/vboxuser/ros2_ws/build/examples_rclcpp_minimal_action_client/test_results/examples_rclcpp_minimal_action_client/uncrustify.xunit.xml'
</Value>
				</Measurement>
			</Results>
			<Labels>
				<Label>linter</Label>
				<Label>uncrustify</Label>
			</Labels>
		</Test>
		<Test Status="passed">
			<Name>xmllint</Name>
			<Path>.</Path>
			<FullName>./xmllint</FullName>
			<FullCommandLine>/usr/bin/python3.10 "-u" "/opt/ros/humble/share/ament_cmake_test/cmake/run_test.py" "/home/vboxuser/ros2_ws/build/examples_rclcpp_minimal_action_client/test_results/examples_rclcpp_minimal_action_client/xmllint.xunit.xml" "--package-name" "examples_rclcpp_minimal_action_client" "--output-file" "/home/vboxuser/ros2_ws/build/examples_rclcpp_minimal_action_client/ament_xmllint/xmllint.txt" "--command" "/opt/ros/humble/bin/ament_xmllint" "--xunit-file" "/home/vboxuser/ros2_ws/build/examples_rclcpp_minimal_action_client/test_results/examples_rclcpp_minimal_action_client/xmllint.xunit.xml"</FullCommandLine>
			<Results>
				<NamedMeasurement type="numeric/double" name="Execution Time">
					<Value>0.935782</Value>
				</NamedMeasurement>
				<NamedMeasurement type="numeric/double" name="Processors">
					<Value>1</Value>
				</NamedMeasurement>
				<NamedMeasurement type="text/string" name="Completion Status">
					<Value>Completed</Value>
				</NamedMeasurement>
				<NamedMeasurement type="text/string" name="Command Line">
					<Value>/usr/bin/python3.10 "-u" "/opt/ros/humble/share/ament_cmake_test/cmake/run_test.py" "/home/vboxuser/ros2_ws/build/examples_rclcpp_minimal_action_client/test_results/examples_rclcpp_minimal_action_client/xmllint.xunit.xml" "--package-name" "examples_rclcpp_minimal_action_client" "--output-file" "/home/vboxuser/ros2_ws/build/examples_rclcpp_minimal_action_client/ament_xmllint/xmllint.txt" "--command" "/opt/ros/humble/bin/ament_xmllint" "--xunit-file" "/home/vboxuser/ros2_ws/build/examples_rclcpp_minimal_action_client/test_results/examples_rclcpp_minimal_action_client/xmllint.xunit.xml"</Value>
				</NamedMeasurement>
				<NamedMeasurement type="text/string" name="Environment">
					<Value>#CTEST_RESOURCE_GROUP_COUNT=</Value>
				</NamedMeasurement>
				<Measurement>
					<Value>-- run_test.py: invoking following command in '/home/vboxuser/ros2_ws/src/examples/rclcpp/actions/minimal_action_client':
 - /opt/ros/humble/bin/ament_xmllint --xunit-file /home/vboxuser/ros2_ws/build/examples_rclcpp_minimal_action_client/test_results/examples_rclcpp_minimal_action_client/xmllint.xunit.xml
File 'package.xml' is valid

No problems found
-- run_test.py: return code 0
-- run_test.py: verify result file '/home/vboxuser/ros2_ws/build/examples_rclcpp_minimal_action_client/test_results/examples_rclcpp_minimal_action_client/xmllint.xunit.xml'
</Value>
				</Measurement>
			</Results>
			<Labels>
				<Label>linter</Label>
				<Label>xmllint</Label>
			</Labels>
		</Test>
		<EndDateTime>Feb 09 23:51 EST</EndDateTime>
		<EndTestTime>1707540716</EndTestTime>
		<ElapsedMinutes>0</ElapsedMinutes>
	</Testing>
</Site>
