[0.000000] (-) TimerEvent: {}
[0.000525] (-) JobUnselected: {'identifier': 'examples_rclcpp_async_client'}
[0.000565] (-) JobUnselected: {'identifier': 'examples_rclcpp_cbg_executor'}
[0.000589] (-) JobUnselected: {'identifier': 'examples_rclcpp_minimal_action_client'}
[0.000612] (-) JobUnselected: {'identifier': 'examples_rclcpp_minimal_action_server'}
[0.000634] (-) JobUnselected: {'identifier': 'examples_rclcpp_minimal_client'}
[0.000655] (-) JobUnselected: {'identifier': 'examples_rclcpp_minimal_composition'}
[0.000677] (-) JobUnselected: {'identifier': 'examples_rclcpp_minimal_publisher'}
[0.000698] (-) JobUnselected: {'identifier': 'examples_rclcpp_minimal_service'}
[0.000718] (-) JobUnselected: {'identifier': 'examples_rclcpp_minimal_subscriber'}
[0.000739] (-) JobUnselected: {'identifier': 'examples_rclcpp_minimal_timer'}
[0.000759] (-) JobUnselected: {'identifier': 'examples_rclcpp_multithreaded_executor'}
[0.000780] (-) JobUnselected: {'identifier': 'examples_rclcpp_wait_set'}
[0.000801] (-) JobUnselected: {'identifier': 'examples_rclpy_executors'}
[0.000821] (-) JobUnselected: {'identifier': 'examples_rclpy_guard_conditions'}
[0.000842] (-) JobUnselected: {'identifier': 'examples_rclpy_minimal_action_client'}
[0.000863] (-) JobUnselected: {'identifier': 'examples_rclpy_minimal_action_server'}
[0.000883] (-) JobUnselected: {'identifier': 'examples_rclpy_minimal_client'}
[0.000903] (-) JobUnselected: {'identifier': 'examples_rclpy_minimal_publisher'}
[0.000923] (-) JobUnselected: {'identifier': 'examples_rclpy_minimal_service'}
[0.000949] (-) JobUnselected: {'identifier': 'examples_rclpy_minimal_subscriber'}
[0.000973] (-) JobUnselected: {'identifier': 'examples_rclpy_pointcloud_publisher'}
[0.000989] (-) JobUnselected: {'identifier': 'launch_testing_examples'}
[0.001008] (-) JobUnselected: {'identifier': 'py_pubsub'}
[0.001028] (-) JobUnselected: {'identifier': 'py_pubsub2'}
[0.001048] (-) JobUnselected: {'identifier': 'py_pubsub3'}
[0.001071] (my_cpp_pkg) JobQueued: {'identifier': 'my_cpp_pkg', 'dependencies': OrderedDict()}
[0.001096] (my_cpp_pkg) JobStarted: {'identifier': 'my_cpp_pkg'}
[0.099901] (-) TimerEvent: {}
[0.201087] (-) TimerEvent: {}
[0.233558] (my_cpp_pkg) JobProgress: {'identifier': 'my_cpp_pkg', 'progress': 'cmake'}
[0.237529] (my_cpp_pkg) JobProgress: {'identifier': 'my_cpp_pkg', 'progress': 'build'}
[0.237639] (my_cpp_pkg) Command: {'cmd': ['/usr/bin/cmake', '--build', '/home/vboxuser/ros2_ws/build/my_cpp_pkg', '--', '-j6', '-l6'], 'cwd': '/home/vboxuser/ros2_ws/build/my_cpp_pkg', 'env': OrderedDict([('GJS_DEBUG_TOPICS', 'JS ERROR;JS LOG'), ('LESSOPEN', '| /usr/bin/lesspipe %s'), ('USER', 'vboxuser'), ('GIO_MODULE_DIR', '/home/vboxuser/snap/code/common/.cache/gio-modules'), ('XDG_SESSION_TYPE', 'wayland'), ('GIT_ASKPASS', '/snap/code/152/usr/share/code/resources/app/extensions/git/dist/askpass.sh'), ('GTK_EXE_PREFIX_VSCODE_SNAP_ORIG', ''), ('GDK_BACKEND_VSCODE_SNAP_ORIG', ''), ('SHLVL', '1'), ('LD_LIBRARY_PATH', '/home/vboxuser/ros2_ws/install/examples_rclcpp_wait_set/lib:/home/vboxuser/ros2_ws/install/examples_rclcpp_minimal_subscriber/lib:/home/vboxuser/ros2_ws/install/examples_rclcpp_minimal_composition/lib:/home/vboxuser/ros2_ws/src/install/examples_rclcpp_wait_set/lib:/home/vboxuser/ros2_ws/src/install/examples_rclcpp_minimal_subscriber/lib:/home/vboxuser/ros2_ws/src/install/examples_rclcpp_minimal_composition/lib:/opt/ros/humble/opt/rviz_ogre_vendor/lib:/opt/ros/humble/lib/x86_64-linux-gnu:/opt/ros/humble/lib'), ('HOME', '/home/vboxuser'), ('CHROME_DESKTOP', 'code-url-handler.desktop'), ('LOCPATH_VSCODE_SNAP_ORIG', ''), ('OLDPWD', '/home/vboxuser/ros2_ws/src'), ('TERM_PROGRAM_VERSION', '1.86.2'), ('DESKTOP_SESSION', 'ubuntu'), ('GTK_PATH', '/snap/code/152/usr/lib/x86_64-linux-gnu/gtk-3.0'), ('GTK_IM_MODULE_FILE', '/home/vboxuser/snap/code/common/.cache/immodules/immodules.cache'), ('GIO_LAUNCHED_DESKTOP_FILE', '/var/lib/snapd/desktop/applications/code_code.desktop'), ('ROS_PYTHON_VERSION', '3'), ('GNOME_SHELL_SESSION_MODE', 'ubuntu'), ('GTK_MODULES', 'gail:atk-bridge'), ('GSETTINGS_SCHEMA_DIR_VSCODE_SNAP_ORIG', ''), ('VSCODE_GIT_ASKPASS_MAIN', '/snap/code/152/usr/share/code/resources/app/extensions/git/dist/askpass-main.js'), ('VSCODE_GIT_ASKPASS_NODE', '/snap/code/152/usr/share/code/code'), ('MANAGERPID', '1385'), ('SYSTEMD_EXEC_PID', '1564'), ('IM_CONFIG_CHECK_ENV', '1'), ('DBUS_SESSION_BUS_ADDRESS', 'unix:path=/run/user/1000/bus'), ('COLORTERM', 'truecolor'), ('GIO_LAUNCHED_DESKTOP_FILE_PID', '25588'), ('IM_CONFIG_PHASE', '1'), ('WAYLAND_DISPLAY', 'wayland-0'), ('COLCON_PREFIX_PATH', '/home/vboxuser/ros2_ws/install:/home/vboxuser/HW3_ws/install:/home/vboxuser/ros2_ws/src/install'), ('ROS_DISTRO', 'humble'), ('LOGNAME', 'vboxuser'), ('JOURNAL_STREAM', '8:24384'), ('_', '/usr/bin/colcon'), ('ROS_VERSION', '2'), ('XDG_CONFIG_DIRS_VSCODE_SNAP_ORIG', '/etc/xdg/xdg-ubuntu:/etc/xdg'), ('XDG_SESSION_CLASS', 'user'), ('XDG_DATA_DIRS_VSCODE_SNAP_ORIG', '/usr/share/ubuntu:/usr/local/share/:/usr/share/:/var/lib/snapd/desktop'), ('USERNAME', 'vboxuser'), ('TERM', 'xterm-256color'), ('GNOME_DESKTOP_SESSION_ID', 'this-is-deprecated'), ('ROS_LOCALHOST_ONLY', '0'), ('PATH', '/opt/ros/humble/bin:/usr/local/sbin:/usr/local/bin:/usr/sbin:/usr/bin:/sbin:/bin:/usr/games:/usr/local/games:/snap/bin:/snap/bin'), ('SESSION_MANAGER', 'local/Ubuntu:@/tmp/.ICE-unix/1531,unix/Ubuntu:/tmp/.ICE-unix/1531'), ('GTK_EXE_PREFIX', '/snap/code/152/usr'), ('INVOCATION_ID', 'bfbbba65649d4d8eaa81f1f36be0c3d1'), ('XDG_MENU_PREFIX', 'gnome-'), ('BAMF_DESKTOP_FILE_HINT', '/var/lib/snapd/desktop/applications/code_code.desktop'), ('GNOME_SETUP_DISPLAY', ':1'), ('XDG_RUNTIME_DIR', '/run/user/1000'), ('GDK_BACKEND', 'x11'), ('DISPLAY', ':0'), ('LOCPATH', '/snap/code/152/usr/lib/locale'), ('LANG', 'en_US.UTF-8'), ('XDG_CURRENT_DESKTOP', 'Unity'), ('GIO_MODULE_DIR_VSCODE_SNAP_ORIG', ''), ('XMODIFIERS', '@im=ibus'), ('XDG_SESSION_DESKTOP', 'ubuntu'), ('XAUTHORITY', '/run/user/1000/.mutter-Xwaylandauth.QC1RJ2'), ('LS_COLORS', 'rs=0:di=01;34:ln=01;36:mh=00:pi=40;33:so=01;35:do=01;35:bd=40;33;01:cd=40;33;01:or=40;31;01:mi=00:su=37;41:sg=30;43:ca=30;41:tw=30;42:ow=34;42:st=37;44:ex=01;32:*.tar=01;31:*.tgz=01;31:*.arc=01;31:*.arj=01;31:*.taz=01;31:*.lha=01;31:*.lz4=01;31:*.lzh=01;31:*.lzma=01;31:*.tlz=01;31:*.txz=01;31:*.tzo=01;31:*.t7z=01;31:*.zip=01;31:*.z=01;31:*.dz=01;31:*.gz=01;31:*.lrz=01;31:*.lz=01;31:*.lzo=01;31:*.xz=01;31:*.zst=01;31:*.tzst=01;31:*.bz2=01;31:*.bz=01;31:*.tbz=01;31:*.tbz2=01;31:*.tz=01;31:*.deb=01;31:*.rpm=01;31:*.jar=01;31:*.war=01;31:*.ear=01;31:*.sar=01;31:*.rar=01;31:*.alz=01;31:*.ace=01;31:*.zoo=01;31:*.cpio=01;31:*.7z=01;31:*.rz=01;31:*.cab=01;31:*.wim=01;31:*.swm=01;31:*.dwm=01;31:*.esd=01;31:*.jpg=01;35:*.jpeg=01;35:*.mjpg=01;35:*.mjpeg=01;35:*.gif=01;35:*.bmp=01;35:*.pbm=01;35:*.pgm=01;35:*.ppm=01;35:*.tga=01;35:*.xbm=01;35:*.xpm=01;35:*.tif=01;35:*.tiff=01;35:*.png=01;35:*.svg=01;35:*.svgz=01;35:*.mng=01;35:*.pcx=01;35:*.mov=01;35:*.mpg=01;35:*.mpeg=01;35:*.m2v=01;35:*.mkv=01;35:*.webm=01;35:*.webp=01;35:*.ogm=01;35:*.mp4=01;35:*.m4v=01;35:*.mp4v=01;35:*.vob=01;35:*.qt=01;35:*.nuv=01;35:*.wmv=01;35:*.asf=01;35:*.rm=01;35:*.rmvb=01;35:*.flc=01;35:*.avi=01;35:*.fli=01;35:*.flv=01;35:*.gl=01;35:*.dl=01;35:*.xcf=01;35:*.xwd=01;35:*.yuv=01;35:*.cgm=01;35:*.emf=01;35:*.ogv=01;35:*.ogx=01;35:*.aac=00;36:*.au=00;36:*.flac=00;36:*.m4a=00;36:*.mid=00;36:*.midi=00;36:*.mka=00;36:*.mp3=00;36:*.mpc=00;36:*.ogg=00;36:*.ra=00;36:*.wav=00;36:*.oga=00;36:*.opus=00;36:*.spx=00;36:*.xspf=00;36:'), ('VSCODE_GIT_IPC_HANDLE', '/run/user/1000/vscode-git-7fc6582c11.sock'), ('TERM_PROGRAM', 'vscode'), ('SSH_AGENT_LAUNCHER', 'gnome-keyring'), ('SSH_AUTH_SOCK', '/run/user/1000/keyring/ssh'), ('GSETTINGS_SCHEMA_DIR', '/home/vboxuser/snap/code/152/.local/share/glib-2.0/schemas'), ('AMENT_PREFIX_PATH', '/home/vboxuser/ros2_ws/install/py_pubsub3:/home/vboxuser/ros2_ws/install/py_pubsub2:/home/vboxuser/ros2_ws/install/py_pubsub:/home/vboxuser/ros2_ws/install/my_cpp_pkg:/home/vboxuser/ros2_ws/install/launch_testing_examples:/home/vboxuser/ros2_ws/install/examples_rclpy_pointcloud_publisher:/home/vboxuser/ros2_ws/install/examples_rclpy_minimal_subscriber:/home/vboxuser/ros2_ws/install/examples_rclpy_minimal_service:/home/vboxuser/ros2_ws/install/examples_rclpy_minimal_publisher:/home/vboxuser/ros2_ws/install/examples_rclpy_minimal_client:/home/vboxuser/ros2_ws/install/examples_rclpy_minimal_action_server:/home/vboxuser/ros2_ws/install/examples_rclpy_minimal_action_client:/home/vboxuser/ros2_ws/install/examples_rclpy_guard_conditions:/home/vboxuser/ros2_ws/install/examples_rclpy_executors:/home/vboxuser/ros2_ws/install/examples_rclcpp_wait_set:/home/vboxuser/ros2_ws/install/examples_rclcpp_multithreaded_executor:/home/vboxuser/ros2_ws/install/examples_rclcpp_minimal_timer:/home/vboxuser/ros2_ws/install/examples_rclcpp_minimal_subscriber:/home/vboxuser/ros2_ws/install/examples_rclcpp_minimal_service:/home/vboxuser/ros2_ws/install/examples_rclcpp_minimal_publisher:/home/vboxuser/ros2_ws/install/examples_rclcpp_minimal_composition:/home/vboxuser/ros2_ws/install/examples_rclcpp_minimal_client:/home/vboxuser/ros2_ws/install/examples_rclcpp_minimal_action_server:/home/vboxuser/ros2_ws/install/examples_rclcpp_minimal_action_client:/home/vboxuser/ros2_ws/install/examples_rclcpp_cbg_executor:/home/vboxuser/ros2_ws/install/examples_rclcpp_async_client:/home/vboxuser/HW3_ws/install/py_pubsub:/home/vboxuser/HW3_ws/install/Q1:/home/vboxuser/ros2_ws/src/install/py_pubsub3:/home/vboxuser/ros2_ws/src/install/py_pubsub2:/home/vboxuser/ros2_ws/src/install/py_pubsub:/home/vboxuser/ros2_ws/src/install/launch_testing_examples:/home/vboxuser/ros2_ws/src/install/examples_rclpy_pointcloud_publisher:/home/vboxuser/ros2_ws/src/install/examples_rclpy_minimal_subscriber:/home/vboxuser/ros2_ws/src/install/examples_rclpy_minimal_service:/home/vboxuser/ros2_ws/src/install/examples_rclpy_minimal_publisher:/home/vboxuser/ros2_ws/src/install/examples_rclpy_minimal_client:/home/vboxuser/ros2_ws/src/install/examples_rclpy_minimal_action_server:/home/vboxuser/ros2_ws/src/install/examples_rclpy_minimal_action_client:/home/vboxuser/ros2_ws/src/install/examples_rclpy_guard_conditions:/home/vboxuser/ros2_ws/src/install/examples_rclpy_executors:/home/vboxuser/ros2_ws/src/install/examples_rclcpp_wait_set:/home/vboxuser/ros2_ws/src/install/examples_rclcpp_multithreaded_executor:/home/vboxuser/ros2_ws/src/install/examples_rclcpp_minimal_timer:/home/vboxuser/ros2_ws/src/install/examples_rclcpp_minimal_subscriber:/home/vboxuser/ros2_ws/src/install/examples_rclcpp_minimal_service:/home/vboxuser/ros2_ws/src/install/examples_rclcpp_minimal_publisher:/home/vboxuser/ros2_ws/src/install/examples_rclcpp_minimal_composition:/home/vboxuser/ros2_ws/src/install/examples_rclcpp_minimal_client:/home/vboxuser/ros2_ws/src/install/examples_rclcpp_minimal_action_server:/home/vboxuser/ros2_ws/src/install/examples_rclcpp_minimal_action_client:/home/vboxuser/ros2_ws/src/install/examples_rclcpp_cbg_executor:/home/vboxuser/ros2_ws/src/install/examples_rclcpp_async_client:/opt/ros/humble'), ('ORIGINAL_XDG_CURRENT_DESKTOP', 'ubuntu:GNOME'), ('SHELL', '/bin/bash'), ('QT_ACCESSIBILITY', '1'), ('GDMSESSION', 'ubuntu'), ('LESSCLOSE', '/usr/bin/lesspipe %s %s'), ('GTK_PATH_VSCODE_SNAP_ORIG', ''), ('GTK_IM_MODULE_FILE_VSCODE_SNAP_ORIG', ''), ('GJS_DEBUG_OUTPUT', 'stderr'), ('VSCODE_GIT_ASKPASS_EXTRA_ARGS', ''), ('QT_IM_MODULE', 'ibus'), ('PWD', '/home/vboxuser/ros2_ws/build/my_cpp_pkg'), ('LC_ALL', 'en_US.UTF-8'), ('XDG_CONFIG_DIRS', '/etc/xdg/xdg-ubuntu:/etc/xdg'), ('XDG_DATA_DIRS', '/home/vboxuser/snap/code/152/.local/share:/home/vboxuser/snap/code/152:/snap/code/152/usr/share:/usr/share/ubuntu:/usr/local/share/:/usr/share/:/var/lib/snapd/desktop'), ('PYTHONPATH', '/home/vboxuser/ros2_ws/install/py_pubsub3/lib/python3.10/site-packages:/home/vboxuser/ros2_ws/install/py_pubsub2/lib/python3.10/site-packages:/home/vboxuser/ros2_ws/install/py_pubsub/lib/python3.10/site-packages:/home/vboxuser/ros2_ws/install/launch_testing_examples/lib/python3.10/site-packages:/home/vboxuser/ros2_ws/install/examples_rclpy_pointcloud_publisher/lib/python3.10/site-packages:/home/vboxuser/ros2_ws/install/examples_rclpy_minimal_subscriber/lib/python3.10/site-packages:/home/vboxuser/ros2_ws/install/examples_rclpy_minimal_service/lib/python3.10/site-packages:/home/vboxuser/ros2_ws/install/examples_rclpy_minimal_publisher/lib/python3.10/site-packages:/home/vboxuser/ros2_ws/install/examples_rclpy_minimal_client/lib/python3.10/site-packages:/home/vboxuser/ros2_ws/install/examples_rclpy_minimal_action_server/lib/python3.10/site-packages:/home/vboxuser/ros2_ws/install/examples_rclpy_minimal_action_client/lib/python3.10/site-packages:/home/vboxuser/ros2_ws/install/examples_rclpy_guard_conditions/lib/python3.10/site-packages:/home/vboxuser/ros2_ws/install/examples_rclpy_executors/lib/python3.10/site-packages:/home/vboxuser/HW3_ws/install/py_pubsub/lib/python3.10/site-packages:/home/vboxuser/HW3_ws/install/Q1/lib/python3.10/site-packages:/home/vboxuser/ros2_ws/src/install/py_pubsub3/lib/python3.10/site-packages:/home/vboxuser/ros2_ws/src/install/py_pubsub2/lib/python3.10/site-packages:/home/vboxuser/ros2_ws/src/install/py_pubsub/lib/python3.10/site-packages:/home/vboxuser/ros2_ws/src/install/launch_testing_examples/lib/python3.10/site-packages:/home/vboxuser/ros2_ws/src/install/examples_rclpy_pointcloud_publisher/lib/python3.10/site-packages:/home/vboxuser/ros2_ws/src/install/examples_rclpy_minimal_subscriber/lib/python3.10/site-packages:/home/vboxuser/ros2_ws/src/install/examples_rclpy_minimal_service/lib/python3.10/site-packages:/home/vboxuser/ros2_ws/src/install/examples_rclpy_minimal_publisher/lib/python3.10/site-packages:/home/vboxuser/ros2_ws/src/install/examples_rclpy_minimal_client/lib/python3.10/site-packages:/home/vboxuser/ros2_ws/src/install/examples_rclpy_minimal_action_server/lib/python3.10/site-packages:/home/vboxuser/ros2_ws/src/install/examples_rclpy_minimal_action_client/lib/python3.10/site-packages:/home/vboxuser/ros2_ws/src/install/examples_rclpy_guard_conditions/lib/python3.10/site-packages:/home/vboxuser/ros2_ws/src/install/examples_rclpy_executors/lib/python3.10/site-packages:/opt/ros/humble/lib/python3.10/site-packages:/opt/ros/humble/local/lib/python3.10/dist-packages'), ('COLCON', '1'), ('CMAKE_PREFIX_PATH', '/home/vboxuser/ros2_ws/install/my_cpp_pkg:/home/vboxuser/ros2_ws/install/examples_rclcpp_wait_set:/home/vboxuser/ros2_ws/install/examples_rclcpp_multithreaded_executor:/home/vboxuser/ros2_ws/install/examples_rclcpp_minimal_timer:/home/vboxuser/ros2_ws/install/examples_rclcpp_minimal_subscriber:/home/vboxuser/ros2_ws/install/examples_rclcpp_minimal_service:/home/vboxuser/ros2_ws/install/examples_rclcpp_minimal_publisher:/home/vboxuser/ros2_ws/install/examples_rclcpp_minimal_composition:/home/vboxuser/ros2_ws/install/examples_rclcpp_minimal_client:/home/vboxuser/ros2_ws/install/examples_rclcpp_minimal_action_server:/home/vboxuser/ros2_ws/install/examples_rclcpp_minimal_action_client:/home/vboxuser/ros2_ws/install/examples_rclcpp_cbg_executor:/home/vboxuser/ros2_ws/install/examples_rclcpp_async_client:/home/vboxuser/ros2_ws/src/install/examples_rclcpp_wait_set:/home/vboxuser/ros2_ws/src/install/examples_rclcpp_multithreaded_executor:/home/vboxuser/ros2_ws/src/install/examples_rclcpp_minimal_timer:/home/vboxuser/ros2_ws/src/install/examples_rclcpp_minimal_subscriber:/home/vboxuser/ros2_ws/src/install/examples_rclcpp_minimal_service:/home/vboxuser/ros2_ws/src/install/examples_rclcpp_minimal_publisher:/home/vboxuser/ros2_ws/src/install/examples_rclcpp_minimal_composition:/home/vboxuser/ros2_ws/src/install/examples_rclcpp_minimal_client:/home/vboxuser/ros2_ws/src/install/examples_rclcpp_minimal_action_server:/home/vboxuser/ros2_ws/src/install/examples_rclcpp_minimal_action_client:/home/vboxuser/ros2_ws/src/install/examples_rclcpp_cbg_executor:/home/vboxuser/ros2_ws/src/install/examples_rclcpp_async_client:/home/vboxuser/ros2_ws/install/py_pubsub3:/home/vboxuser/ros2_ws/install/py_pubsub2:/home/vboxuser/ros2_ws/install/py_pubsub:/home/vboxuser/ros2_ws/install/launch_testing_examples:/home/vboxuser/ros2_ws/install/examples_rclpy_pointcloud_publisher:/home/vboxuser/ros2_ws/install/examples_rclpy_minimal_subscriber:/home/vboxuser/ros2_ws/install/examples_rclpy_minimal_service:/home/vboxuser/ros2_ws/install/examples_rclpy_minimal_publisher:/home/vboxuser/ros2_ws/install/examples_rclpy_minimal_client:/home/vboxuser/ros2_ws/install/examples_rclpy_minimal_action_server:/home/vboxuser/ros2_ws/install/examples_rclpy_minimal_action_client:/home/vboxuser/ros2_ws/install/examples_rclpy_guard_conditions:/home/vboxuser/ros2_ws/install/examples_rclpy_executors:/home/vboxuser/HW3_ws/install/py_pubsub:/home/vboxuser/HW3_ws/install/Q1:/home/vboxuser/ros2_ws/src/install/py_pubsub3:/home/vboxuser/ros2_ws/src/install/py_pubsub2:/home/vboxuser/ros2_ws/src/install/py_pubsub:/home/vboxuser/ros2_ws/src/install/launch_testing_examples:/home/vboxuser/ros2_ws/src/install/examples_rclpy_pointcloud_publisher:/home/vboxuser/ros2_ws/src/install/examples_rclpy_minimal_subscriber:/home/vboxuser/ros2_ws/src/install/examples_rclpy_minimal_service:/home/vboxuser/ros2_ws/src/install/examples_rclpy_minimal_publisher:/home/vboxuser/ros2_ws/src/install/examples_rclpy_minimal_client:/home/vboxuser/ros2_ws/src/install/examples_rclpy_minimal_action_server:/home/vboxuser/ros2_ws/src/install/examples_rclpy_minimal_action_client:/home/vboxuser/ros2_ws/src/install/examples_rclpy_guard_conditions:/home/vboxuser/ros2_ws/src/install/examples_rclpy_executors:/opt/ros/humble')]), 'shell': False}
[0.302050] (-) TimerEvent: {}
[0.302646] (my_cpp_pkg) StdoutLine: {'line': b'\x1b[35m\x1b[1mConsolidate compiler generated dependencies of target cpp_node\x1b[0m\n'}
[0.329829] (my_cpp_pkg) StdoutLine: {'line': b'[ 50%] \x1b[32mBuilding CXX object CMakeFiles/cpp_node.dir/src/my_first_node.cpp.o\x1b[0m\n'}
[0.403121] (-) TimerEvent: {}
[0.505635] (-) TimerEvent: {}
[0.606357] (-) TimerEvent: {}
[0.707284] (-) TimerEvent: {}
[0.809563] (-) TimerEvent: {}
[0.910417] (-) TimerEvent: {}
[1.011601] (-) TimerEvent: {}
[1.113625] (-) TimerEvent: {}
[1.214194] (-) TimerEvent: {}
[1.315125] (-) TimerEvent: {}
[1.415757] (-) TimerEvent: {}
[1.518039] (-) TimerEvent: {}
[1.622136] (-) TimerEvent: {}
[1.722652] (-) TimerEvent: {}
[1.828000] (-) TimerEvent: {}
[1.930237] (-) TimerEvent: {}
[2.031222] (-) TimerEvent: {}
[2.136184] (-) TimerEvent: {}
[2.238672] (-) TimerEvent: {}
[2.341191] (-) TimerEvent: {}
[2.442893] (-) TimerEvent: {}
[2.545372] (-) TimerEvent: {}
[2.647040] (-) TimerEvent: {}
[2.750557] (-) TimerEvent: {}
[2.851282] (-) TimerEvent: {}
[2.956040] (-) TimerEvent: {}
[3.058202] (-) TimerEvent: {}
[3.159240] (-) TimerEvent: {}
[3.260311] (-) TimerEvent: {}
[3.361401] (-) TimerEvent: {}
[3.462354] (-) TimerEvent: {}
[3.565239] (-) TimerEvent: {}
[3.666394] (-) TimerEvent: {}
[3.767603] (-) TimerEvent: {}
[3.871216] (-) TimerEvent: {}
[3.973491] (-) TimerEvent: {}
[3.974956] (my_cpp_pkg) StderrLine: {'line': b'\x1b[01m\x1b[K/home/vboxuser/ros2_ws/src/my_cpp_pkg/src/my_first_node.cpp:\x1b[m\x1b[K In member function \xe2\x80\x98\x1b[01m\x1b[Kvoid MyNode::timerCallback()\x1b[m\x1b[K\xe2\x80\x99:\n'}
[3.975169] (my_cpp_pkg) StderrLine: {'line': b'\x1b[01m\x1b[K/home/vboxuser/ros2_ws/src/my_cpp_pkg/src/my_first_node.cpp:17:9:\x1b[m\x1b[K \x1b[01;31m\x1b[Kerror: \x1b[m\x1b[K\xe2\x80\x98\x1b[01m\x1b[Kcounter\x1b[m\x1b[K\xe2\x80\x99 was not declared in this scope; did you mean \xe2\x80\x98\x1b[01m\x1b[Kcounter_\x1b[m\x1b[K\xe2\x80\x99?\n'}
[3.975281] (my_cpp_pkg) StderrLine: {'line': b'   17 |         \x1b[01;31m\x1b[Kcounter\x1b[m\x1b[K++;\n'}
[3.975382] (my_cpp_pkg) StderrLine: {'line': b'      |         \x1b[01;31m\x1b[K^~~~~~~\x1b[m\x1b[K\n'}
[3.975482] (my_cpp_pkg) StderrLine: {'line': b'      |         \x1b[32m\x1b[Kcounter_\x1b[m\x1b[K\n'}
[4.080107] (-) TimerEvent: {}
[4.181195] (-) TimerEvent: {}
[4.282148] (-) TimerEvent: {}
[4.383323] (-) TimerEvent: {}
[4.484399] (-) TimerEvent: {}
[4.586070] (-) TimerEvent: {}
[4.696299] (-) TimerEvent: {}
[4.699522] (my_cpp_pkg) StderrLine: {'line': b'gmake[2]: *** [CMakeFiles/cpp_node.dir/build.make:76: CMakeFiles/cpp_node.dir/src/my_first_node.cpp.o] Error 1\n'}
[4.700132] (my_cpp_pkg) StderrLine: {'line': b'gmake[1]: *** [CMakeFiles/Makefile2:137: CMakeFiles/cpp_node.dir/all] Error 2\n'}
[4.700290] (my_cpp_pkg) StderrLine: {'line': b'gmake: *** [Makefile:146: all] Error 2\n'}
[4.704032] (my_cpp_pkg) CommandEnded: {'returncode': 2}
[4.796347] (-) TimerEvent: {}
[4.881841] (my_cpp_pkg) JobEnded: {'identifier': 'my_cpp_pkg', 'rc': 2}
[4.892806] (-) EventReactorShutdown: {}
