<?xml version="1.0" encoding="utf-8"?><testsuites><testsuite name="pytest" errors="0" failures="1" skipped="1" tests="3" time="0.343" timestamp="2024-02-16T09:52:53.665258" hostname="Ubuntu"><testcase classname="py_pubsub.test.test_copyright" name="test_copyright" time="0.000"><skipped type="pytest.skip" message="No copyright header has been placed in the generated source file.">/home/vboxuser/HW3_ws/src/py_pubsub/test/test_copyright.py:20: No copyright header has been placed in the generated source file.</skipped></testcase><testcase classname="py_pubsub.test.test_flake8" name="test_flake8" time="0.123"><failure message="AssertionError: Found 1 code style errors / warnings:&#10;  ./setup.py:24:68: W291 trailing whitespace&#10;assert 1 == 0">test/test_flake8.py:23: in test_flake8
    assert rc == 0, \
E   AssertionError: Found 1 code style errors / warnings:
E     ./setup.py:24:68: W291 trailing whitespace
E   assert 1 == 0</failure></testcase><testcase classname="py_pubsub.test.test_pep257" name="test_pep257" time="0.030" /></testsuite></testsuites>