[0.575s] Invoking command in '/home/vboxuser/HW3_ws/src/Q1': AMENT_PREFIX_PATH=/home/vboxuser/HW3_ws/install/Q1:${AMENT_PREFIX_PATH} PYTEST_ADDOPTS=--tb=short --junit-xml=/home/vboxuser/HW3_ws/build/Q1/pytest.xml --junit-prefix=Q1 -o cache_dir=/home/vboxuser/HW3_ws/build/Q1/.pytest_cache PYTHONPATH=/home/vboxuser/HW3_ws/install/Q1/lib/python3.10/site-packages:${PYTHONPATH} /usr/bin/python3 -m pytest
[0.977s] [1m============================= test session starts ==============================[0m
[0.977s] platform linux -- Python 3.10.12, pytest-6.2.5, py-1.10.0, pluggy-0.13.0
[0.984s] cachedir: /home/vboxuser/HW3_ws/build/Q1/.pytest_cache
[0.984s] rootdir: /home/vboxuser/HW3_ws/src/Q1
[0.984s] plugins: ament-copyright-0.12.9, launch-testing-1.0.4, ament-xmllint-0.12.9, ament-pep257-0.12.9, launch-testing-ros-0.19.6, ament-lint-0.12.9, ament-flake8-0.12.9, cov-3.0.0, colcon-core-0.15.1
[1.220s] [1mcollecting ... [0m[1m
[1.220s] collected 3 items                                                              [0m
[1.221s] 
[1.239s] test/test_copyright.py [33ms[0m[32m                                                 [ 33%][0m
[1.480s] test/test_flake8.py [31mF[0m[31m                                                    [ 66%][0m
[1.543s] test/test_pep257.py [32m.[0m[31m                                                    [100%][0m
[1.543s] 
[1.543s] =================================== FAILURES ===================================
[1.543s] [31m[1m_________________________________ test_flake8 __________________________________[0m
[1.543s] [1m[31mtest/test_flake8.py[0m:23: in test_flake8
[1.655s]     [94massert[39;49;00m rc == [94m0[39;49;00m, \
[1.655s] [1m[31mE   AssertionError: Found 9 code style errors / warnings:[0m
[1.655s] [1m[31mE     ./setup.py:1:1: F401 'setuptools.find_packages' imported but unused[0m
[1.655s] [1m[31mE     ./Q1/fred_node.py:16:49: E225 missing whitespace around operator[0m
[1.655s] [1m[31mE     ./Q1/fred_node.py:20:1: E303 too many blank lines (3)[0m
[1.655s] [1m[31mE     ./Q1/fred_node.py:22:20: W291 trailing whitespace[0m
[1.655s] [1m[31mE     ./Q1/fred_node.py:26:1: E305 expected 2 blank lines after class or function definition, found 1[0m
[1.656s] [1m[31mE     ./Q1/my_node.py:1:1: F401 'time' imported but unused[0m
[1.656s] [1m[31mE     ./Q1/my_node.py:3:1: E302 expected 2 blank lines, found 1[0m
[1.656s] [1m[31mE     ./Q1/my_node.py:5:1: W293 blank line contains whitespace[0m
[1.656s] [1m[31mE     ./Q1/my_node.py:8:1: E303 too many blank lines (3)[0m
[1.656s] [1m[31mE   assert 1 == 0[0m
[1.656s] ----------------------------- Captured stdout call -----------------------------
[1.656s] 
[1.656s] ./setup.py:1:1: F401 'setuptools.find_packages' imported but unused
[1.656s] from setuptools import find_packages, setup
[1.657s] ^
[1.657s] 
[1.657s] ./Q1/fred_node.py:16:49: E225 missing whitespace around operator
[1.657s]         self.get_logger().info("Hello time is :"+ current_time.strftime("%H:%M:%S"))
[1.657s]                                                 ^
[1.657s] 
[1.657s] ./Q1/fred_node.py:20:1: E303 too many blank lines (3)
[1.657s] def main(args=None):
[1.657s] ^
[1.657s] 
[1.657s] ./Q1/fred_node.py:22:20: W291 trailing whitespace
[1.657s]     node = MyNode() 
[1.658s]                    ^
[1.658s] 
[1.658s] ./Q1/fred_node.py:26:1: E305 expected 2 blank lines after class or function definition, found 1
[1.658s] if __name__ == '__main__':
[1.658s] ^
[1.658s] 
[1.658s] ./Q1/my_node.py:1:1: F401 'time' imported but unused
[1.658s] import time
[1.658s] ^
[1.658s] 
[1.658s] ./Q1/my_node.py:3:1: E302 expected 2 blank lines, found 1
[1.659s] def main():
[1.659s] ^
[1.659s] 
[1.659s] ./Q1/my_node.py:5:1: W293 blank line contains whitespace
[1.659s]     
[1.659s] ^
[1.659s] 
[1.659s] ./Q1/my_node.py:8:1: E303 too many blank lines (3)
[1.659s] if __name__ == '__main__':
[1.659s] ^
[1.659s] 
[1.660s] 1     E225 missing whitespace around operator
[1.660s] 1     E302 expected 2 blank lines, found 1
[1.660s] 2     E303 too many blank lines (3)
[1.660s] 1     E305 expected 2 blank lines after class or function definition, found 1
[1.660s] 2     F401 'time' imported but unused
[1.660s] 1     W291 trailing whitespace
[1.660s] 1     W293 blank line contains whitespace
[1.660s] 
[1.660s] 17 files checked
[1.660s] 9 errors
[1.660s] 
[1.661s] 'E'-type errors: 5
[1.661s] 'F'-type errors: 2
[1.661s] 'W'-type errors: 2
[1.661s] 
[1.661s] Checked files:
[1.661s] 
[1.661s] * ./setup.py
[1.661s] * ./test/test_flake8.py
[1.661s] * ./test/test_copyright.py
[1.661s] * ./test/test_pep257.py
[1.661s] * ./Q1/fred_node.py
[1.662s] * ./Q1/kim_pub.py
[1.662s] * ./Q1/lee_sub.py
[1.662s] * ./Q1/subscriber_member_function.py
[1.662s] * ./Q1/lee_pub.py
[1.662s] * ./Q1/park_sub.py
[1.662s] * ./Q1/__init__.py
[1.662s] * ./Q1/park_pub.py
[1.662s] * ./Q1/my_node.py
[1.662s] * ./Q1/kim_sub.py
[1.662s] * ./Q1/publisher_member_function.py
[1.662s] * ./Q1/son_pub.py
[1.663s] * ./Q1/son_sub.py
[1.663s] ----------------------------- Captured stderr call -----------------------------
[1.663s] option --max-complexity: please update from optparse string `type=` to argparse callable `type=` -- this will be an error in the future
[1.663s] -------- generated xml file: /home/vboxuser/HW3_ws/build/Q1/pytest.xml ---------
[1.663s] [33m=============================== warnings summary ===============================[0m
[1.663s] test/test_flake8.py::test_flake8
[1.663s] test/test_flake8.py::test_flake8
[1.663s]   Warning: SelectableGroups dict interface is deprecated. Use select.
[1.663s] 
[1.663s] -- Docs: https://docs.pytest.org/en/stable/warnings.html
[1.664s] =========================== short test summary info ============================
[1.664s] FAILED test/test_flake8.py::test_flake8 - AssertionError: Found 9 code style ...
[1.664s] [31m============== [31m[1m1 failed[0m, [32m1 passed[0m, [33m1 skipped[0m, [33m2 warnings[0m[31m in 0.68s[0m[31m ==============[0m
[1.735s] Invoked command in '/home/vboxuser/HW3_ws/src/Q1' returned '1': AMENT_PREFIX_PATH=/home/vboxuser/HW3_ws/install/Q1:${AMENT_PREFIX_PATH} PYTEST_ADDOPTS=--tb=short --junit-xml=/home/vboxuser/HW3_ws/build/Q1/pytest.xml --junit-prefix=Q1 -o cache_dir=/home/vboxuser/HW3_ws/build/Q1/.pytest_cache PYTHONPATH=/home/vboxuser/HW3_ws/install/Q1/lib/python3.10/site-packages:${PYTHONPATH} /usr/bin/python3 -m pytest
